<?xml version="1.0" encoding="UTF-8"?>
<testsuite xmlns:xsi="http://www.w3.org/2001/XMLSchema-instance" xsi:noNamespaceSchemaLocation="https://maven.apache.org/surefire/maven-surefire-plugin/xsd/surefire-test-report-3.0.xsd" version="3.0" name="com.camunda.bpm.camunda_bpm.ProcessUnitTest" time="23.809" tests="1" errors="0" skipped="0" failures="0">
  <properties>
    <property name="sun.desktop" value="windows"/>
    <property name="awt.toolkit" value="sun.awt.windows.WToolkit"/>
    <property name="file.encoding.pkg" value="sun.io"/>
    <property name="java.specification.version" value="1.8"/>
    <property name="sun.cpu.isalist" value="amd64"/>
    <property name="sun.jnu.encoding" value="Cp1252"/>
    <property name="java.class.path" value="C:\Users\ikram\Desktop\test-meeting\camunda-repo\camunda-bpm\target\test-classes;C:\Users\ikram\Desktop\test-meeting\camunda-repo\camunda-bpm\target\classes;C:\Users\ikram\.m2\repository\org\camunda\bpm\camunda-engine\7.15.0\camunda-engine-7.15.0.jar;C:\Users\ikram\.m2\repository\org\camunda\bpm\model\camunda-bpmn-model\7.15.0\camunda-bpmn-model-7.15.0.jar;C:\Users\ikram\.m2\repository\org\camunda\bpm\model\camunda-xml-model\7.15.0\camunda-xml-model-7.15.0.jar;C:\Users\ikram\.m2\repository\org\camunda\bpm\model\camunda-cmmn-model\7.15.0\camunda-cmmn-model-7.15.0.jar;C:\Users\ikram\.m2\repository\org\camunda\bpm\dmn\camunda-engine-dmn\7.15.0\camunda-engine-dmn-7.15.0.jar;C:\Users\ikram\.m2\repository\org\camunda\bpm\model\camunda-dmn-model\7.15.0\camunda-dmn-model-7.15.0.jar;C:\Users\ikram\.m2\repository\org\camunda\bpm\dmn\camunda-engine-feel-api\7.15.0\camunda-engine-feel-api-7.15.0.jar;C:\Users\ikram\.m2\repository\org\camunda\bpm\dmn\camunda-engine-feel-juel\7.15.0\camunda-engine-feel-juel-7.15.0.jar;C:\Users\ikram\.m2\repository\org\camunda\bpm\dmn\camunda-engine-feel-scala\7.15.0\camunda-engine-feel-scala-7.15.0.jar;C:\Users\ikram\.m2\repository\org\camunda\feel\feel-engine\1.13.1\feel-engine-1.13.1-scala-shaded.jar;C:\Users\ikram\.m2\repository\org\camunda\commons\camunda-commons-logging\1.10.0\camunda-commons-logging-1.10.0.jar;C:\Users\ikram\.m2\repository\org\camunda\commons\camunda-commons-typed-values\7.15.0\camunda-commons-typed-values-7.15.0.jar;C:\Users\ikram\.m2\repository\org\mybatis\mybatis\3.5.6\mybatis-3.5.6.jar;C:\Users\ikram\.m2\repository\org\springframework\spring-beans\5.2.8.RELEASE\spring-beans-5.2.8.RELEASE.jar;C:\Users\ikram\.m2\repository\org\springframework\spring-core\5.2.8.RELEASE\spring-core-5.2.8.RELEASE.jar;C:\Users\ikram\.m2\repository\org\springframework\spring-jcl\5.2.8.RELEASE\spring-jcl-5.2.8.RELEASE.jar;C:\Users\ikram\.m2\repository\joda-time\joda-time\2.1\joda-time-2.1.jar;C:\Users\ikram\.m2\repository\org\camunda\connect\camunda-connect-core\1.5.2\camunda-connect-core-1.5.2.jar;C:\Users\ikram\.m2\repository\org\camunda\bpm\assert\camunda-bpm-assert\10.0.0\camunda-bpm-assert-10.0.0.jar;C:\Users\ikram\.m2\repository\org\assertj\assertj-core\3.18.1\assertj-core-3.18.1.jar;C:\Users\ikram\.m2\repository\org\camunda\spin\camunda-spin-dataformat-all\1.10.1\camunda-spin-dataformat-all-1.10.1.jar;C:\Users\ikram\.m2\repository\org\camunda\spin\camunda-spin-core\1.10.1\camunda-spin-core-1.10.1.jar;C:\Users\ikram\.m2\repository\org\slf4j\slf4j-api\1.7.26\slf4j-api-1.7.26.jar;C:\Users\ikram\.m2\repository\org\camunda\commons\camunda-commons-utils\1.10.0\camunda-commons-utils-1.10.0.jar;C:\Users\ikram\.m2\repository\org\camunda\bpm\camunda-engine-plugin-spin\7.15.0\camunda-engine-plugin-spin-7.15.0.jar;C:\Users\ikram\.m2\repository\org\camunda\template-engines\camunda-template-engines-freemarker\2.0.0\camunda-template-engines-freemarker-2.0.0.jar;C:\Users\ikram\.m2\repository\org\freemarker\freemarker\2.3.29\freemarker-2.3.29.jar;C:\Users\ikram\.m2\repository\org\camunda\template-engines\camunda-template-engines-velocity\2.0.0\camunda-template-engines-velocity-2.0.0.jar;C:\Users\ikram\.m2\repository\org\apache\velocity\velocity-engine-core\2.2\velocity-engine-core-2.2.jar;C:\Users\ikram\.m2\repository\javax\servlet\javax.servlet-api\3.1.0\javax.servlet-api-3.1.0.jar;C:\Users\ikram\.m2\repository\junit\junit\4.13.1\junit-4.13.1.jar;C:\Users\ikram\.m2\repository\org\hamcrest\hamcrest-core\1.3\hamcrest-core-1.3.jar;C:\Users\ikram\.m2\repository\com\h2database\h2\1.4.200\h2-1.4.200.jar;C:\Users\ikram\.m2\repository\mysql\mysql-connector-java\8.0.30\mysql-connector-java-8.0.30.jar;C:\Users\ikram\.m2\repository\com\google\protobuf\protobuf-java\3.19.4\protobuf-java-3.19.4.jar;C:\Users\ikram\.m2\repository\org\camunda\connect\camunda-connect-connectors-all\1.5.2\camunda-connect-connectors-all-1.5.2.jar;C:\Users\ikram\.m2\repository\org\camunda\bpm\extension\camunda-bpm-process-test-coverage\0.4.0\camunda-bpm-process-test-coverage-0.4.0.jar;C:\Users\ikram\.m2\repository\commons-io\commons-io\2.5\commons-io-2.5.jar;C:\Users\ikram\.m2\repository\org\apache\commons\commons-lang3\3.4\commons-lang3-3.4.jar;C:\Users\ikram\.m2\repository\org\hamcrest\hamcrest-library\1.3\hamcrest-library-1.3.jar;C:\Users\ikram\.m2\repository\org\apache\maven\plugins\maven-jar-plugin\3.3.0\maven-jar-plugin-3.3.0.jar;C:\Users\ikram\.m2\repository\org\apache\maven\shared\file-management\3.1.0\file-management-3.1.0.jar;C:\Users\ikram\.m2\repository\org\apache\maven\maven-archiver\3.6.0\maven-archiver-3.6.0.jar;C:\Users\ikram\.m2\repository\org\codehaus\plexus\plexus-io\3.4.0\plexus-io-3.4.0.jar;C:\Users\ikram\.m2\repository\javax\inject\javax.inject\1\javax.inject-1.jar;C:\Users\ikram\.m2\repository\org\codehaus\plexus\plexus-archiver\4.4.0\plexus-archiver-4.4.0.jar;C:\Users\ikram\.m2\repository\org\apache\commons\commons-compress\1.21\commons-compress-1.21.jar;C:\Users\ikram\.m2\repository\org\iq80\snappy\snappy\0.4\snappy-0.4.jar;C:\Users\ikram\.m2\repository\org\tukaani\xz\1.9\xz-1.9.jar;C:\Users\ikram\.m2\repository\org\codehaus\plexus\plexus-interpolation\1.26\plexus-interpolation-1.26.jar;C:\Users\ikram\.m2\repository\org\codehaus\plexus\plexus-utils\3.4.2\plexus-utils-3.4.2.jar;C:\Users\ikram\.m2\repository\ch\qos\logback\logback-classic\1.1.3\logback-classic-1.1.3.jar;C:\Users\ikram\.m2\repository\ch\qos\logback\logback-core\1.1.3\logback-core-1.1.3.jar;C:\Users\ikram\.m2\repository\org\slf4j\jcl-over-slf4j\1.7.25\jcl-over-slf4j-1.7.25.jar;C:\Users\ikram\.m2\repository\org\slf4j\jul-to-slf4j\1.7.25\jul-to-slf4j-1.7.25.jar;C:\Users\ikram\.m2\repository\com\google\code\gson\gson\2.8.6\gson-2.8.6.jar;"/>
    <property name="java.vm.vendor" value="Oracle Corporation"/>
    <property name="sun.arch.data.model" value="64"/>
    <property name="user.variant" value=""/>
    <property name="java.vendor.url" value="http://java.oracle.com/"/>
    <property name="user.timezone" value="GMT+01:00"/>
    <property name="java.vm.specification.version" value="1.8"/>
    <property name="os.name" value="Windows 10"/>
    <property name="user.country" value="FR"/>
    <property name="sun.java.launcher" value="SUN_STANDARD"/>
    <property name="sun.boot.library.path" value="C:\Program Files\Java\jdk1.8.0_202\jre\bin"/>
    <property name="sun.java.command" value="C:\Users\ikram\AppData\Local\Temp\surefire7553526723321175738\surefirebooter-20240404124449798_3.jar C:\Users\ikram\AppData\Local\Temp\surefire7553526723321175738 2024-04-04T12-44-45_838-jvmRun1 surefire-20240404124449798_1tmp surefire_0-20240404124449798_2tmp"/>
    <property name="surefire.test.class.path" value="C:\Users\ikram\Desktop\test-meeting\camunda-repo\camunda-bpm\target\test-classes;C:\Users\ikram\Desktop\test-meeting\camunda-repo\camunda-bpm\target\classes;C:\Users\ikram\.m2\repository\org\camunda\bpm\camunda-engine\7.15.0\camunda-engine-7.15.0.jar;C:\Users\ikram\.m2\repository\org\camunda\bpm\model\camunda-bpmn-model\7.15.0\camunda-bpmn-model-7.15.0.jar;C:\Users\ikram\.m2\repository\org\camunda\bpm\model\camunda-xml-model\7.15.0\camunda-xml-model-7.15.0.jar;C:\Users\ikram\.m2\repository\org\camunda\bpm\model\camunda-cmmn-model\7.15.0\camunda-cmmn-model-7.15.0.jar;C:\Users\ikram\.m2\repository\org\camunda\bpm\dmn\camunda-engine-dmn\7.15.0\camunda-engine-dmn-7.15.0.jar;C:\Users\ikram\.m2\repository\org\camunda\bpm\model\camunda-dmn-model\7.15.0\camunda-dmn-model-7.15.0.jar;C:\Users\ikram\.m2\repository\org\camunda\bpm\dmn\camunda-engine-feel-api\7.15.0\camunda-engine-feel-api-7.15.0.jar;C:\Users\ikram\.m2\repository\org\camunda\bpm\dmn\camunda-engine-feel-juel\7.15.0\camunda-engine-feel-juel-7.15.0.jar;C:\Users\ikram\.m2\repository\org\camunda\bpm\dmn\camunda-engine-feel-scala\7.15.0\camunda-engine-feel-scala-7.15.0.jar;C:\Users\ikram\.m2\repository\org\camunda\feel\feel-engine\1.13.1\feel-engine-1.13.1-scala-shaded.jar;C:\Users\ikram\.m2\repository\org\camunda\commons\camunda-commons-logging\1.10.0\camunda-commons-logging-1.10.0.jar;C:\Users\ikram\.m2\repository\org\camunda\commons\camunda-commons-typed-values\7.15.0\camunda-commons-typed-values-7.15.0.jar;C:\Users\ikram\.m2\repository\org\mybatis\mybatis\3.5.6\mybatis-3.5.6.jar;C:\Users\ikram\.m2\repository\org\springframework\spring-beans\5.2.8.RELEASE\spring-beans-5.2.8.RELEASE.jar;C:\Users\ikram\.m2\repository\org\springframework\spring-core\5.2.8.RELEASE\spring-core-5.2.8.RELEASE.jar;C:\Users\ikram\.m2\repository\org\springframework\spring-jcl\5.2.8.RELEASE\spring-jcl-5.2.8.RELEASE.jar;C:\Users\ikram\.m2\repository\joda-time\joda-time\2.1\joda-time-2.1.jar;C:\Users\ikram\.m2\repository\org\camunda\connect\camunda-connect-core\1.5.2\camunda-connect-core-1.5.2.jar;C:\Users\ikram\.m2\repository\org\camunda\bpm\assert\camunda-bpm-assert\10.0.0\camunda-bpm-assert-10.0.0.jar;C:\Users\ikram\.m2\repository\org\assertj\assertj-core\3.18.1\assertj-core-3.18.1.jar;C:\Users\ikram\.m2\repository\org\camunda\spin\camunda-spin-dataformat-all\1.10.1\camunda-spin-dataformat-all-1.10.1.jar;C:\Users\ikram\.m2\repository\org\camunda\spin\camunda-spin-core\1.10.1\camunda-spin-core-1.10.1.jar;C:\Users\ikram\.m2\repository\org\slf4j\slf4j-api\1.7.26\slf4j-api-1.7.26.jar;C:\Users\ikram\.m2\repository\org\camunda\commons\camunda-commons-utils\1.10.0\camunda-commons-utils-1.10.0.jar;C:\Users\ikram\.m2\repository\org\camunda\bpm\camunda-engine-plugin-spin\7.15.0\camunda-engine-plugin-spin-7.15.0.jar;C:\Users\ikram\.m2\repository\org\camunda\template-engines\camunda-template-engines-freemarker\2.0.0\camunda-template-engines-freemarker-2.0.0.jar;C:\Users\ikram\.m2\repository\org\freemarker\freemarker\2.3.29\freemarker-2.3.29.jar;C:\Users\ikram\.m2\repository\org\camunda\template-engines\camunda-template-engines-velocity\2.0.0\camunda-template-engines-velocity-2.0.0.jar;C:\Users\ikram\.m2\repository\org\apache\velocity\velocity-engine-core\2.2\velocity-engine-core-2.2.jar;C:\Users\ikram\.m2\repository\javax\servlet\javax.servlet-api\3.1.0\javax.servlet-api-3.1.0.jar;C:\Users\ikram\.m2\repository\junit\junit\4.13.1\junit-4.13.1.jar;C:\Users\ikram\.m2\repository\org\hamcrest\hamcrest-core\1.3\hamcrest-core-1.3.jar;C:\Users\ikram\.m2\repository\com\h2database\h2\1.4.200\h2-1.4.200.jar;C:\Users\ikram\.m2\repository\mysql\mysql-connector-java\8.0.30\mysql-connector-java-8.0.30.jar;C:\Users\ikram\.m2\repository\com\google\protobuf\protobuf-java\3.19.4\protobuf-java-3.19.4.jar;C:\Users\ikram\.m2\repository\org\camunda\connect\camunda-connect-connectors-all\1.5.2\camunda-connect-connectors-all-1.5.2.jar;C:\Users\ikram\.m2\repository\org\camunda\bpm\extension\camunda-bpm-process-test-coverage\0.4.0\camunda-bpm-process-test-coverage-0.4.0.jar;C:\Users\ikram\.m2\repository\commons-io\commons-io\2.5\commons-io-2.5.jar;C:\Users\ikram\.m2\repository\org\apache\commons\commons-lang3\3.4\commons-lang3-3.4.jar;C:\Users\ikram\.m2\repository\org\hamcrest\hamcrest-library\1.3\hamcrest-library-1.3.jar;C:\Users\ikram\.m2\repository\org\apache\maven\plugins\maven-jar-plugin\3.3.0\maven-jar-plugin-3.3.0.jar;C:\Users\ikram\.m2\repository\org\apache\maven\shared\file-management\3.1.0\file-management-3.1.0.jar;C:\Users\ikram\.m2\repository\org\apache\maven\maven-archiver\3.6.0\maven-archiver-3.6.0.jar;C:\Users\ikram\.m2\repository\org\codehaus\plexus\plexus-io\3.4.0\plexus-io-3.4.0.jar;C:\Users\ikram\.m2\repository\javax\inject\javax.inject\1\javax.inject-1.jar;C:\Users\ikram\.m2\repository\org\codehaus\plexus\plexus-archiver\4.4.0\plexus-archiver-4.4.0.jar;C:\Users\ikram\.m2\repository\org\apache\commons\commons-compress\1.21\commons-compress-1.21.jar;C:\Users\ikram\.m2\repository\org\iq80\snappy\snappy\0.4\snappy-0.4.jar;C:\Users\ikram\.m2\repository\org\tukaani\xz\1.9\xz-1.9.jar;C:\Users\ikram\.m2\repository\org\codehaus\plexus\plexus-interpolation\1.26\plexus-interpolation-1.26.jar;C:\Users\ikram\.m2\repository\org\codehaus\plexus\plexus-utils\3.4.2\plexus-utils-3.4.2.jar;C:\Users\ikram\.m2\repository\ch\qos\logback\logback-classic\1.1.3\logback-classic-1.1.3.jar;C:\Users\ikram\.m2\repository\ch\qos\logback\logback-core\1.1.3\logback-core-1.1.3.jar;C:\Users\ikram\.m2\repository\org\slf4j\jcl-over-slf4j\1.7.25\jcl-over-slf4j-1.7.25.jar;C:\Users\ikram\.m2\repository\org\slf4j\jul-to-slf4j\1.7.25\jul-to-slf4j-1.7.25.jar;C:\Users\ikram\.m2\repository\com\google\code\gson\gson\2.8.6\gson-2.8.6.jar;"/>
    <property name="sun.cpu.endian" value="little"/>
    <property name="user.home" value="C:\Users\ikram"/>
    <property name="user.language" value="fr"/>
    <property name="java.specification.vendor" value="Oracle Corporation"/>
    <property name="java.home" value="C:\Program Files\Java\jdk1.8.0_202\jre"/>
    <property name="basedir" value="C:\Users\ikram\Desktop\test-meeting\camunda-repo\camunda-bpm"/>
    <property name="file.separator" value="\"/>
    <property name="line.separator" value="&#10;"/>
    <property name="java.vm.specification.vendor" value="Oracle Corporation"/>
    <property name="java.specification.name" value="Java Platform API Specification"/>
    <property name="java.awt.graphicsenv" value="sun.awt.Win32GraphicsEnvironment"/>
    <property name="surefire.real.class.path" value="C:\Users\ikram\AppData\Local\Temp\surefire7553526723321175738\surefirebooter-20240404124449798_3.jar"/>
    <property name="sun.boot.class.path" value="C:\Program Files\Java\jdk1.8.0_202\jre\lib\resources.jar;C:\Program Files\Java\jdk1.8.0_202\jre\lib\rt.jar;C:\Program Files\Java\jdk1.8.0_202\jre\lib\sunrsasign.jar;C:\Program Files\Java\jdk1.8.0_202\jre\lib\jsse.jar;C:\Program Files\Java\jdk1.8.0_202\jre\lib\jce.jar;C:\Program Files\Java\jdk1.8.0_202\jre\lib\charsets.jar;C:\Program Files\Java\jdk1.8.0_202\jre\lib\jfr.jar;C:\Program Files\Java\jdk1.8.0_202\jre\classes"/>
    <property name="user.script" value=""/>
    <property name="sun.management.compiler" value="HotSpot 64-Bit Tiered Compilers"/>
    <property name="java.runtime.version" value="1.8.0_202-b08"/>
    <property name="user.name" value="ikram"/>
    <property name="path.separator" value=";"/>
    <property name="os.version" value="10.0"/>
    <property name="java.endorsed.dirs" value="C:\Program Files\Java\jdk1.8.0_202\jre\lib\endorsed"/>
    <property name="java.runtime.name" value="Java(TM) SE Runtime Environment"/>
    <property name="file.encoding" value="Cp1252"/>
    <property name="java.vm.name" value="Java HotSpot(TM) 64-Bit Server VM"/>
    <property name="localRepository" value="C:\Users\ikram\.m2\repository"/>
    <property name="java.vendor.url.bug" value="http://bugreport.sun.com/bugreport/"/>
    <property name="java.io.tmpdir" value="C:\Users\ikram\AppData\Local\Temp\"/>
    <property name="java.version" value="1.8.0_202"/>
    <property name="user.dir" value="C:\Users\ikram\Desktop\test-meeting\camunda-repo\camunda-bpm"/>
    <property name="os.arch" value="amd64"/>
    <property name="java.vm.specification.name" value="Java Virtual Machine Specification"/>
    <property name="java.awt.printerjob" value="sun.awt.windows.WPrinterJob"/>
    <property name="sun.os.patch.level" value=""/>
    <property name="java.library.path" value="C:\Program Files\Java\jdk1.8.0_202\jre\bin;C:\Windows\Sun\Java\bin;C:\Windows\system32;C:\Windows;C:\Users\ikram\bin;C:\Program Files\Git\mingw64\bin;C:\Program Files\Git\usr\local\bin;C:\Program Files\Git\usr\bin;C:\Program Files\Git\usr\bin;C:\Program Files\Git\mingw64\bin;C:\Program Files\Git\usr\bin;C:\Users\ikram\bin;C:\Program Files (x86)\Common Files\Oracle\Java\javapath;C:\Program Files\Common Files\Oracle\Java\javapath;C:\Windows\system32;C:\Windows;C:\Windows\System32\Wbem;C:\Windows\System32\WindowsPowerShell\v1.0;C:\Windows\System32\OpenSSH;C:\Program Files\MySQL\MySQL Server 8.0\bin;C:\Program Files\Docker\Docker\resources\bin;C:\Program Files\apache-maven-3.9.1\bin;C:\Program Files\nodejs;C:\Program Files\Java\jdk1.8.0_202\bin;C:\Program Files\Java\jdk-17\bin;C:\Program Files\Git\cmd;C:\Program Files\Git\mingw64\bin;C:\Program Files\Git\usr\bin;C:\Program Files\neo4j-community-5.7.0\bin;C:\Program Files\redis-7.0.11\redis-7.0.11;C:\Program Files\MongoDB\Server\6.0\bin;C:\Program Files\MongoDB\Server\6.0;C:\Program Files\MySQL\MySQL Shell 8.0\bin;C:\Users\ikram\AppData\Local\Microsoft\WindowsApps;C:\Program Files\MySQL\MySQL Server 8.0\bin;C:\Users\ikram\AppData\Local\Programs\Microsoft VS Code\bin;C:\Program Files\JetBrains\IntelliJ IDEA Community Edition 2023.3.4\bin;C:\Program Files\MongoDB\Server\6.0\bin;C:\Users\ikram\AppData\Roaming\npm;C:\Program Files\PostgreSQL\15\bin;C:\Program Files\MongoDB\Server\6.0;C:\BigDataLocalSetup\Spark\bin;C:\BigDataLocalSetup\hadoop\bin;C:\Program Files\Java\jdk1.8.0_202\bin;C:\Program Files\Git\usr\bin\vendor_perl;C:\Program Files\Git\usr\bin\core_perl;."/>
    <property name="java.vm.info" value="mixed mode"/>
    <property name="java.vendor" value="Oracle Corporation"/>
    <property name="java.vm.version" value="25.202-b08"/>
    <property name="java.ext.dirs" value="C:\Program Files\Java\jdk1.8.0_202\jre\lib\ext;C:\Windows\Sun\Java\lib\ext"/>
    <property name="sun.io.unicode.encoding" value="UnicodeLittle"/>
    <property name="java.class.version" value="52.0"/>
  </properties>
  <testcase name="testHappyPath" classname="com.camunda.bpm.camunda_bpm.ProcessUnitTest" time="2.63">
    <system-out><![CDATA[12:44:52.875 [main] DEBUG org.camunda.bpm.engine.test - ==== BUILDING PROCESS ENGINE ========================================================================
12:44:55.032 [main] INFO  org.camunda.bpm.engine.cfg - ENGINE-12003 Plugin 'SpinProcessEnginePlugin' activated on process engine 'default'
12:44:55.052 [main] INFO  org.camunda.spin - SPIN-01010 Discovered Spin data format provider: org.camunda.spin.impl.json.jackson.format.JacksonJsonDataFormatProvider[name = application/json]
12:44:55.606 [main] INFO  org.camunda.spin - SPIN-01010 Discovered Spin data format provider: org.camunda.spin.impl.xml.dom.format.DomXmlDataFormatProvider[name = application/xml]
12:44:55.642 [main] INFO  org.camunda.spin - SPIN-01009 Discovered Spin data format: org.camunda.spin.impl.xml.dom.format.DomXmlDataFormat[name = application/xml]
12:44:55.643 [main] INFO  org.camunda.spin - SPIN-01009 Discovered Spin data format: org.camunda.spin.impl.json.jackson.format.JacksonJsonDataFormat[name = application/json]
12:44:55.955 [main] INFO  org.camunda.bpm.dmn.feel.scala - FEEL/SCALA-01001 Spin value mapper detected
12:44:56.524 [main] INFO  org.camunda.feel.FeelEngine - Engine created. [value-mapper: CompositeValueMapper(List(org.camunda.feel.impl.JavaValueMapper@56113384, org.camunda.spin.plugin.impl.feel.integration.SpinValueMapper@5669c5fb)), function-provider: org.camunda.bpm.dmn.feel.impl.scala.function.CustomFunctionTransformer@78f5c518, clock: SystemClock, configuration: Configuration(false)]
12:45:10.829 [main] INFO  org.camunda.bpm.connect - CNCT-01004 Discovered provider for connector id 'http-connector' and class 'org.camunda.connect.httpclient.impl.HttpConnectorImpl': 'org.camunda.connect.httpclient.impl.HttpConnectorProviderImpl'
12:45:10.835 [main] INFO  org.camunda.bpm.connect - CNCT-01004 Discovered provider for connector id 'soap-http-connector' and class 'org.camunda.connect.httpclient.soap.impl.SoapHttpConnectorImpl': 'org.camunda.connect.httpclient.soap.impl.SoapHttpConnectorProviderImpl'
12:45:11.591 [main] INFO  org.camunda.bpm.engine.persistence - ENGINE-03016 Performing database operation 'create' on component 'engine' with resource 'org/camunda/bpm/engine/db/create/activiti.h2.create.engine.sql'
12:45:11.862 [main] INFO  org.camunda.bpm.engine.persistence - ENGINE-03016 Performing database operation 'create' on component 'history' with resource 'org/camunda/bpm/engine/db/create/activiti.h2.create.history.sql'
12:45:11.896 [main] INFO  org.camunda.bpm.engine.persistence - ENGINE-03016 Performing database operation 'create' on component 'identity' with resource 'org/camunda/bpm/engine/db/create/activiti.h2.create.identity.sql'
12:45:11.954 [main] INFO  org.camunda.bpm.engine.persistence - ENGINE-03016 Performing database operation 'create' on component 'case.engine' with resource 'org/camunda/bpm/engine/db/create/activiti.h2.create.case.engine.sql'
12:45:11.972 [main] INFO  org.camunda.bpm.engine.persistence - ENGINE-03016 Performing database operation 'create' on component 'case.history' with resource 'org/camunda/bpm/engine/db/create/activiti.h2.create.case.history.sql'
12:45:11.990 [main] INFO  org.camunda.bpm.engine.persistence - ENGINE-03016 Performing database operation 'create' on component 'decision.engine' with resource 'org/camunda/bpm/engine/db/create/activiti.h2.create.decision.engine.sql'
12:45:12.094 [main] INFO  org.camunda.bpm.engine.persistence - ENGINE-03016 Performing database operation 'create' on component 'decision.history' with resource 'org/camunda/bpm/engine/db/create/activiti.h2.create.decision.history.sql'
12:45:12.308 [main] INFO  org.camunda.bpm.engine.persistence - ENGINE-03067 No history level property found in database
12:45:12.312 [main] INFO  org.camunda.bpm.engine.persistence - ENGINE-03065 Creating historyLevel property in database for level: HistoryLevelFull(name=full, id=3)
12:45:12.835 [main] INFO  org.camunda.bpm.engine - ENGINE-00001 Process Engine default created.
12:45:12.839 [main] DEBUG org.camunda.bpm.engine.test - ==== PROCESS ENGINE CREATED =========================================================================
12:45:12.864 [main] DEBUG org.camunda.bpm.engine.test - annotation @Deployment creates deployment for ProcessUnitTest.testHappyPath
12:45:15.387 [main] DEBUG org.camunda.bpm.engine.test - annotation @Deployment deletes deployment for ProcessUnitTest.testHappyPath
]]></system-out>
    <system-err><![CDATA[avr. 04, 2024 12:45:14 PM org.camunda.bpm.extension.process_test_coverage.junit.rules.TestCoverageProcessEngineRule succeeded
INFOS: testHappyPath(com.camunda.bpm.camunda_bpm.ProcessUnitTest) succeeded.
avr. 04, 2024 12:45:14 PM org.camunda.bpm.extension.process_test_coverage.junit.rules.TestCoverageProcessEngineRule handleTestMethodCoverage
INFOS: testHappyPath test method coverage is 1.0
]]></system-err>
  </testcase>
</testsuite>